#
# There is insufficient memory for the Java Runtime Environment to continue.
# Native memory allocation (malloc) failed to allocate 480104 bytes for AllocateHeap
# Possible reasons:
#   The system is out of physical RAM or swap space
#   The process is running with CompressedOops enabled, and the Java Heap may be blocking the growth of the native heap
# Possible solutions:
#   Reduce memory load on the system
#   Increase physical memory or swap space
#   Check if swap backing store is full
#   Decrease Java heap size (-Xmx/-Xms)
#   Decrease number of Java threads
#   Decrease Java thread stack sizes (-Xss)
#   Set larger code cache with -XX:ReservedCodeCacheSize=
#   JVM is running with Unscaled Compressed Oops mode in which the Java heap is
#     placed in the first 4GB address space. The Java Heap base address is the
#     maximum limit for the native heap growth. Please use -XX:HeapBaseMinAddress
#     to set the Java Heap base and to place the Java Heap above 4GB virtual address.
# This output file may be truncated or incomplete.
#
#  Out of Memory Error (memory/allocation.inline.hpp:61), pid=1188, tid=0x00000000000020ac
#
# JRE version:  (8.0_192-b12) (build )
# Java VM: Java HotSpot(TM) 64-Bit Server VM (25.192-b12 mixed mode windows-amd64 compressed oops)
# Failed to write core dump. Minidumps are not enabled by default on client versions of Windows
#

---------------  T H R E A D  ---------------

Current thread (0x000000000237e000):  JavaThread "Unknown thread" [_thread_in_vm, id=8364, stack(0x0000000002380000,0x0000000002480000)]

Stack: [0x0000000002380000,0x0000000002480000]
[error occurred during error reporting (printing stack bounds), id 0xc0000005]

Native frames: (J=compiled Java code, j=interpreted, Vv=VM code, C=native code)


---------------  P R O C E S S  ---------------

Java Threads: ( => current thread )

Other Threads:

=>0x000000000237e000 (exited) JavaThread "Unknown thread" [_thread_in_vm, id=8364, stack(0x0000000002380000,0x0000000002480000)]

VM state:not at safepoint (not fully initialized)

VM Mutex/Monitor currently owned by a thread: None

heap address: 0x00000000c8000000, size: 896 MB, Compressed Oops mode: 32-bit
Narrow klass base: 0x0000000000000000, Narrow klass shift: 3
Compressed class space size: 1073741824 Address: 0x0000000100000000

GC Heap History (0 events):
No events

Deoptimization events (0 events):
No events

Classes redefined (0 events):
No events

Internal exceptions (0 events):
No events

Events (0 events):
No events


Dynamic libraries:
0x00007ff6d5600000 - 0x00007ff6d5637000 	C:\Program Files\Java\jdk1.8.0_192\bin\java.exe
0x00007ff944730000 - 0x00007ff944928000 	C:\Windows\SYSTEM32\ntdll.dll
0x00007ff943bd0000 - 0x00007ff943c8d000 	C:\Windows\System32\KERNEL32.DLL
0x00007ff942250000 - 0x00007ff942546000 	C:\Windows\System32\KERNELBASE.dll
0x00007ff942770000 - 0x00007ff942820000 	C:\Windows\System32\ADVAPI32.dll
0x00007ff943220000 - 0x00007ff9432be000 	C:\Windows\System32\msvcrt.dll
0x00007ff943b30000 - 0x00007ff943bd0000 	C:\Windows\System32\sechost.dll
0x00007ff942e60000 - 0x00007ff942f83000 	C:\Windows\System32\RPCRT4.dll
0x00007ff942220000 - 0x00007ff942247000 	C:\Windows\System32\bcrypt.dll
0x00007ff942ff0000 - 0x00007ff94318f000 	C:\Windows\System32\USER32.dll
0x00007ff941df0000 - 0x00007ff941e12000 	C:\Windows\System32\win32u.dll
0x00007ff943540000 - 0x00007ff94356b000 	C:\Windows\System32\GDI32.dll
0x00007ff942550000 - 0x00007ff942667000 	C:\Windows\System32\gdi32full.dll
0x00007ff941f20000 - 0x00007ff941fbd000 	C:\Windows\System32\msvcp_win.dll
0x00007ff941e20000 - 0x00007ff941f20000 	C:\Windows\System32\ucrtbase.dll
0x00007ff92c4a0000 - 0x00007ff92c73a000 	C:\Windows\WinSxS\amd64_microsoft.windows.common-controls_6595b64144ccf1df_6.0.19041.4355_none_60b8b9eb71f62e16\COMCTL32.dll
0x00007ff9431f0000 - 0x00007ff94321f000 	C:\Windows\System32\IMM32.DLL
0x0000000076450000 - 0x0000000076521000 	C:\Program Files\Java\jdk1.8.0_192\jre\bin\msvcr100.dll
0x0000000076530000 - 0x0000000076dd3000 	C:\Program Files\Java\jdk1.8.0_192\jre\bin\server\jvm.dll
0x00007ff942e50000 - 0x00007ff942e58000 	C:\Windows\System32\PSAPI.DLL
0x00007ff928390000 - 0x00007ff9283b7000 	C:\Windows\SYSTEM32\WINMM.dll
0x00007ff939960000 - 0x00007ff93996a000 	C:\Windows\SYSTEM32\VERSION.dll
0x00007ff93c000000 - 0x00007ff93c009000 	C:\Windows\SYSTEM32\WSOCK32.dll
0x00007ff942d40000 - 0x00007ff942dab000 	C:\Windows\System32\WS2_32.dll
0x00007ff93d170000 - 0x00007ff93d17f000 	C:\Program Files\Java\jdk1.8.0_192\jre\bin\verify.dll
0x00007ff925e30000 - 0x00007ff925e59000 	C:\Program Files\Java\jdk1.8.0_192\jre\bin\java.dll
0x00007ff937f20000 - 0x00007ff937f36000 	C:\Program Files\Java\jdk1.8.0_192\jre\bin\zip.dll

VM Arguments:
jvm_args: -Dfile.encoding=UTF-8 
java_command: fatec.poo.view.GuiMenu
java_class_path (initial): C:\Program Files\NetBeans 8.2\java\modules\ext\AbsoluteLayout.jar;C:\Users\ichla\Downloads\projectPOO3\ojdbc6_g.jar;C:\Users\ichla\Downloads\projectPOO3\build\classes
Launcher Type: SUN_STANDARD

Environment Variables:
JAVA_HOME=C:\Program Files\Eclipse Adoptium\jdk-11.0.22.7-hotspot\
PATH=C:\Program Files (x86)\Common Files\Oracle\Java\javapath;C:\Program Files\Eclipse Adoptium\jdk-11.0.22.7-hotspot\bin;C:\OracleXE\dbhomeXE\bin;C:\Python312\Scripts\;C:\Python312\;C:\Windows\system32;C:\Windows;C:\Windows\System32\Wbem;C:\Windows\System32\WindowsPowerShell\v1.0\;C:\Windows\System32\OpenSSH\;C:\Program Files\nodejs\;C:\ProgramData\chocolatey\bin;C:\Program Files\Git\cmd;C:\Users\ichla\AppData\Local\Microsoft\WindowsApps;;C:\Users\ichla\AppData\Local\Programs\Microsoft VS Code\bin;C:\Users\ichla\AppData\Roaming\npm
USERNAME=ichla
OS=Windows_NT
PROCESSOR_IDENTIFIER=AMD64 Family 16 Model 4 Stepping 2, AuthenticAMD



---------------  S Y S T E M  ---------------

OS: Windows 10.0 , 64 bit Build 19041 (10.0.19041.3636)

CPU:total 3 (initial active 3) (3 cores per cpu, 1 threads per core) family 16 model 4 stepping 2, cmov, cx8, fxsr, mmx, sse, sse2, sse3, popcnt, mmxext, 3dnowpref, lzcnt, sse4a, tsc, tscinvbit, tscinv

Memory: 4k page, physical 3669388k(244496k free), swap 14679436k(5220k free)

vm_info: Java HotSpot(TM) 64-Bit Server VM (25.192-b12) for windows-amd64 JRE (1.8.0_192-b12), built on Oct  6 2018 17:12:23 by "java_re" with MS VC++ 10.0 (VS2010)

time: Tue Jun 18 00:13:28 2024
timezone: E. South America Standard Time
elapsed time: 0 seconds (0d 0h 0m 0s)

